********************************************************************************
DUPLICATOR-LITE PACKAGE-LOG: 3 September 2020 14h04
NOTICE: Do NOT post to public sites or forums 
********************************************************************************
VERSION:	1.3.36
WORDPRESS:	5.5.1
PHP INFO:	7.4.3 | SAPI: apache2handler
SERVER:		Apache/2.4.41 (Ubuntu) 
PHP TIME LIMIT: (0) no time limit imposed 
PHP MAX MEMORY: 4294967296 (128M default) 
MEMORY STACK: 4MB

********************************************************************************
DATABASE:
********************************************************************************
BUILD MODE:   MYSQLDUMP
MYSQLTIMEOUT: 5000
MYSQLDUMP:    Is Supported
SQL CREATED: 20200903_henner_6661f059a8da8a117037_20200903140426_database.sql
SQL FILE SIZE: 2.3MB (2413177)
SQL FILE TIME: 2020-09-03 14:04:42
SQL RUNTIME: 0.58 sec.

********************************************************************************
ARCHIVE (ZIP):
********************************************************************************
ARCHIVE DIR:  /var/www/html/henner-dev
ARCHIVE FILE: 20200903_henner_6661f059a8da8a117037_20200903140426_archive.zip
FILTERS: *OFF*
DIRS:
	not set
FILES:
	not set
EXTS:  not set
----------------------------------------
COMPRESSING
SIZE:	82.06MB
STATS:	Dirs 455 | Files 3,001
SQL ADDED: 20200903_henner_6661f059a8da8a117037_20200903140426_database.sql
ZipArchive Object
(
    [status] => 0
    [statusSys] => 0
    [numFiles] => 3456
    [filename] => /var/www/html/henner-dev/wp-content/backups-dup-lite/tmp/20200903_henner_6661f059a8da8a117037_20200903140426_archive.zip
    [comment] => 
)

FILE ADDED TO ZIP: 3455
COMPRESSION RESULT: '1'
COMPRESSED SIZE: 31.49MB
ARCHIVE RUNTIME: 13.17 sec.
MEMORY STACK: 4MB
building installer
add_extra_files1
add_extra_files2
add_extra_files3
add_extra_files4
Doing archive file check
add_extra_files5
add_extra_files6
add_extra_files8
Successfully opened zip /var/www/html/henner-dev/wp-content/backups-dup-lite/tmp/20200903_henner_6661f059a8da8a117037_20200903140426_archive.zip
Adding enhanced installer files to archive using ZipArchive
Installer files added to archive
Added to archive
After ziparchive close when adding installer

********************************************************************************
INTEGRITY CHECKS:
********************************************************************************
SQL FILE: 2.3MB
INSTALLER FILE: 61.31KB
ARCHIVE FILE: 32.98MB 
COMPTE ATTENDU DE FICHIERS/RÉPERTOIRES : 3,456
COMPTE ACTUEL DE FICHIERS/RÉPERTOIRES : 3,455
TEST DE COHÉRENCE D’ARCHIVE : Bon

********************************************************************************
RECORD ID:[1]
TOTAL PROCESS RUNTIME: 15.53 sec.
PEAK PHP MEMORY USED: 6MB
DONE PROCESSING => 20200903_henner 3 September 2020 14h04

